[2026-03-11T17:34:02.519Z] === Scrape run started ===
[2026-03-11T17:34:02.529Z] ── Scraping Binny's ...
[2026-03-11T17:34:02.530Z]    SKIP: binny.js not yet implemented
[2026-03-11T17:34:02.531Z] ── Scraping Total Wine ...
[2026-03-11T17:34:02.532Z]    SKIP: totalwine.js not yet implemented
[2026-03-11T17:34:02.533Z] ── Scraping Jewel ...
[2026-03-11T17:34:34.110Z]    ERROR: page.waitForResponse: Timeout 30000ms exceeded while waiting for event "response"
[2026-03-11T17:34:36.381Z] ── Scraping Whole Foods ...
[2026-03-11T17:34:36.383Z]    SKIP: wholefoods.js not yet implemented
[2026-03-11T17:34:36.385Z] ── Scraping Mariano's ...
[2026-03-11T17:34:36.387Z]    SKIP: marianos.js not yet implemented
[2026-03-11T17:34:36.389Z] === Done — 0 total products written ===
[2026-03-11T17:48:32.028Z] === Scrape run started ===
[2026-03-11T17:48:32.037Z] ── Scraping Binny's ...
[2026-03-11T17:48:32.038Z]    SKIP: binny.js not yet implemented
[2026-03-11T17:48:32.038Z] ── Scraping Total Wine ...
[2026-03-11T17:48:32.039Z]    SKIP: totalwine.js not yet implemented
[2026-03-11T17:48:32.039Z] ── Scraping Jewel ...
[2026-03-11T17:49:06.016Z]    ERROR: page.waitForResponse: Timeout 30000ms exceeded while waiting for event "response"
[2026-03-11T17:49:08.419Z] ── Scraping Whole Foods ...
[2026-03-11T17:49:08.421Z]    SKIP: wholefoods.js not yet implemented
[2026-03-11T17:49:08.422Z] ── Scraping Mariano's ...
[2026-03-11T17:49:08.423Z]    SKIP: marianos.js not yet implemented
[2026-03-11T17:49:08.425Z] === Done — 0 total products written ===
[2026-03-11T18:15:55.284Z] === Scrape run started ===
[2026-03-11T18:15:55.292Z] ── Scraping Binny's ...
[2026-03-11T18:15:55.293Z]    SKIP: binny.js not yet implemented
[2026-03-11T18:15:55.294Z] ── Scraping Total Wine ...
[2026-03-11T18:15:55.294Z]    SKIP: totalwine.js not yet implemented
[2026-03-11T18:15:55.295Z] ── Scraping Jewel ...
[2026-03-11T18:16:30.417Z]    ERROR: page.waitForSelector: Timeout 30000ms exceeded.
Call log:
[2m  - waiting for locator('product-item-al-v2') to be visible[22m

[2026-03-11T18:16:33.825Z] ── Scraping Whole Foods ...
[2026-03-11T18:16:33.827Z]    SKIP: wholefoods.js not yet implemented
[2026-03-11T18:16:33.828Z] ── Scraping Mariano's ...
[2026-03-11T18:16:33.829Z]    SKIP: marianos.js not yet implemented
[2026-03-11T18:16:33.831Z] === Done — 0 total products written ===
[2026-03-11T18:18:15.972Z] === Scrape run started ===
[2026-03-11T18:18:15.979Z] ── Scraping Binny's ...
[2026-03-11T18:18:15.980Z]    SKIP: binny.js not yet implemented
[2026-03-11T18:18:15.981Z] ── Scraping Total Wine ...
[2026-03-11T18:18:15.981Z]    SKIP: totalwine.js not yet implemented
[2026-03-11T18:18:15.982Z] ── Scraping Jewel ...
[2026-03-11T18:19:20.631Z]    ERROR: Only 0 products (min 5)
[2026-03-11T18:19:23.650Z] ── Scraping Whole Foods ...
[2026-03-11T18:19:23.652Z]    SKIP: wholefoods.js not yet implemented
[2026-03-11T18:19:23.653Z] ── Scraping Mariano's ...
[2026-03-11T18:19:23.654Z]    SKIP: marianos.js not yet implemented
[2026-03-11T18:19:23.655Z] === Done — 0 total products written ===
[2026-03-11T18:22:45.881Z] === Scrape run started ===
[2026-03-11T18:22:45.887Z] ── Scraping Binny's ...
[2026-03-11T18:22:45.888Z]    SKIP: binny.js not yet implemented
[2026-03-11T18:22:45.889Z] ── Scraping Total Wine ...
[2026-03-11T18:22:45.890Z]    SKIP: totalwine.js not yet implemented
[2026-03-11T18:22:45.890Z] ── Scraping Jewel ...
[2026-03-11T18:23:51.137Z]    ERROR: Only 0 products (min 5)
[2026-03-11T18:23:54.971Z] ── Scraping Whole Foods ...
[2026-03-11T18:23:54.974Z]    SKIP: wholefoods.js not yet implemented
[2026-03-11T18:23:54.975Z] ── Scraping Mariano's ...
[2026-03-11T18:23:54.976Z]    SKIP: marianos.js not yet implemented
[2026-03-11T18:23:54.979Z] === Done — 0 total products written ===
[2026-03-11T18:35:52.881Z] === Scrape run started ===
[2026-03-11T18:35:52.888Z] ── Scraping Binny's ...
[2026-03-11T18:35:52.889Z]    SKIP: binny.js not yet implemented
[2026-03-11T18:35:52.889Z] ── Scraping Total Wine ...
[2026-03-11T18:35:52.890Z]    SKIP: totalwine.js not yet implemented
[2026-03-11T18:35:52.891Z] ── Scraping Jewel ...
[2026-03-11T18:37:36.604Z]    ERROR: page.goto: Timeout 90000ms exceeded.
Call log:
[2m  - navigating to "https://www.jewelosco.com/shop/search-results.html?q=beer&tab=products", waiting until "networkidle"[22m

[2026-03-11T18:37:39.248Z] ── Scraping Whole Foods ...
[2026-03-11T18:37:39.250Z]    SKIP: wholefoods.js not yet implemented
[2026-03-11T18:37:39.251Z] ── Scraping Mariano's ...
[2026-03-11T18:37:39.253Z]    SKIP: marianos.js not yet implemented
[2026-03-11T18:37:39.255Z] === Done — 0 total products written ===
[2026-03-11T18:44:26.069Z] === Scrape run started ===
[2026-03-11T18:44:26.076Z] ── Scraping Binny's ...
[2026-03-11T18:44:26.077Z]    SKIP: binny.js not yet implemented
[2026-03-11T18:44:26.078Z] ── Scraping Total Wine ...
[2026-03-11T18:44:26.079Z]    SKIP: totalwine.js not yet implemented
[2026-03-11T18:44:26.080Z] ── Scraping Jewel ...
[2026-03-11T18:44:26.583Z]    ERROR: browserType.launch: Failed to launch chromium because executable doesn't exist at C:Program FilesGoogleChromeApplicationchrome.exe
[2026-03-11T18:44:30.182Z] ── Scraping Whole Foods ...
[2026-03-11T18:44:30.184Z]    SKIP: wholefoods.js not yet implemented
[2026-03-11T18:44:30.185Z] ── Scraping Mariano's ...
[2026-03-11T18:44:30.186Z]    SKIP: marianos.js not yet implemented
[2026-03-11T18:44:30.187Z] === Done — 0 total products written ===
[2026-03-11T18:45:30.738Z] === Scrape run started ===
[2026-03-11T18:45:30.745Z] ── Scraping Binny's ...
[2026-03-11T18:45:30.746Z]    SKIP: binny.js not yet implemented
[2026-03-11T18:45:30.746Z] ── Scraping Total Wine ...
[2026-03-11T18:45:30.747Z]    SKIP: totalwine.js not yet implemented
[2026-03-11T18:45:30.747Z] ── Scraping Jewel ...
[2026-03-11T18:46:18.795Z]    ERROR: page.goto: Target page, context or browser has been closed
Call log:
[2m  - navigating to "https://www.jewelosco.com/shop/search-results.html?q=beer&tab=products", waiting until "networkidle"[22m

[2026-03-11T18:46:21.710Z] ── Scraping Whole Foods ...
[2026-03-11T18:46:21.712Z]    SKIP: wholefoods.js not yet implemented
[2026-03-11T18:46:21.714Z] ── Scraping Mariano's ...
[2026-03-11T18:46:21.715Z]    SKIP: marianos.js not yet implemented
[2026-03-11T18:46:21.717Z] === Done — 0 total products written ===
[2026-03-11T19:02:37.731Z] === Scrape run started ===
[2026-03-11T19:02:37.738Z] ── Scraping Binny's ...
[2026-03-11T19:02:43.583Z]    ERROR: No product tiles found on page 1 — selector may need updating
[2026-03-11T19:02:45.941Z] ── Scraping Total Wine ...
[2026-03-11T19:02:45.943Z]    SKIP: totalwine.js not yet implemented
[2026-03-11T19:02:45.944Z] ── Scraping Jewel ...
[2026-03-11T19:04:27.677Z]    ERROR: page.goto: Timeout 90000ms exceeded.
Call log:
[2m  - navigating to "https://www.jewelosco.com/shop/search-results.html?q=beer&tab=products", waiting until "networkidle"[22m

[2026-03-11T19:04:30.317Z] ── Scraping Whole Foods ...
[2026-03-11T19:04:30.319Z]    SKIP: wholefoods.js not yet implemented
[2026-03-11T19:04:30.321Z] ── Scraping Mariano's ...
[2026-03-11T19:04:30.322Z]    SKIP: marianos.js not yet implemented
[2026-03-11T19:04:30.324Z] === Done — 0 total products written ===
[2026-03-11T19:55:28.917Z] === Scrape run started ===
[2026-03-11T19:55:28.924Z] ── Scraping Binny's ...
[2026-03-11T19:55:34.842Z]    ERROR: No product tiles found on page 1 — selector may need updating
[2026-03-11T19:55:38.336Z] ── Scraping Total Wine ...
[2026-03-11T19:55:38.338Z]    SKIP: totalwine.js not yet implemented
[2026-03-11T19:55:38.339Z] ── Scraping Jewel ...
[2026-03-11T19:57:18.881Z]    ERROR: page.goto: Timeout 90000ms exceeded.
Call log:
[2m  - navigating to "https://www.jewelosco.com/shop/search-results.html?q=beer&tab=products", waiting until "networkidle"[22m

[2026-03-11T19:57:21.270Z] ── Scraping Whole Foods ...
[2026-03-11T19:57:21.272Z]    SKIP: wholefoods.js not yet implemented
[2026-03-11T19:57:21.273Z] ── Scraping Mariano's ...
[2026-03-11T19:57:21.274Z]    SKIP: marianos.js not yet implemented
[2026-03-11T19:57:21.277Z] === Done — 0 total products written ===
