[2026-03-10T23:03:59.737Z] === Scrape run started ===
[2026-03-10T23:03:59.745Z] ── Scraping Binny's ...
[2026-03-10T23:03:59.747Z]    SKIP: binny.js not yet implemented
[2026-03-10T23:03:59.748Z] ── Scraping Total Wine ...
[2026-03-10T23:03:59.749Z]    SKIP: totalwine.js not yet implemented
[2026-03-10T23:03:59.750Z] ── Scraping Jewel ...
[2026-03-10T23:04:10.078Z]    ERROR: Only 0 products (min 5)
[2026-03-10T23:04:13.415Z] ── Scraping Whole Foods ...
[2026-03-10T23:04:13.417Z]    SKIP: wholefoods.js not yet implemented
[2026-03-10T23:04:13.426Z] ── Scraping Mariano's ...
[2026-03-10T23:04:13.428Z]    SKIP: marianos.js not yet implemented
[2026-03-10T23:04:13.433Z] === Done — 0 total products written ===
[2026-03-10T23:16:19.232Z] === Scrape run started ===
[2026-03-10T23:16:19.240Z] ── Scraping Binny's ...
[2026-03-10T23:16:19.241Z]    SKIP: binny.js not yet implemented
[2026-03-10T23:16:19.242Z] ── Scraping Total Wine ...
[2026-03-10T23:16:19.244Z]    SKIP: totalwine.js not yet implemented
[2026-03-10T23:16:19.245Z] ── Scraping Jewel ...
[2026-03-10T23:16:46.790Z]    ERROR: Only 0 products (min 5)
[2026-03-10T23:16:48.915Z] ── Scraping Whole Foods ...
[2026-03-10T23:16:48.917Z]    SKIP: wholefoods.js not yet implemented
[2026-03-10T23:16:48.918Z] ── Scraping Mariano's ...
[2026-03-10T23:16:48.919Z]    SKIP: marianos.js not yet implemented
[2026-03-10T23:16:48.921Z] === Done — 0 total products written ===
[2026-03-10T23:19:49.035Z] === Scrape run started ===
[2026-03-10T23:19:49.043Z] ── Scraping Binny's ...
[2026-03-10T23:19:49.044Z]    SKIP: binny.js not yet implemented
[2026-03-10T23:19:49.044Z] ── Scraping Total Wine ...
[2026-03-10T23:19:49.046Z]    SKIP: totalwine.js not yet implemented
[2026-03-10T23:19:49.047Z] ── Scraping Jewel ...
[2026-03-10T23:20:34.799Z]    ERROR: page.goto: Timeout 45000ms exceeded.
Call log:
[2m  - navigating to "https://www.jewelosco.com/shop/search-results.html?q=beer&tab=products", waiting until "networkidle"[22m

[2026-03-10T23:20:38.340Z] ── Scraping Whole Foods ...
[2026-03-10T23:20:38.342Z]    SKIP: wholefoods.js not yet implemented
[2026-03-10T23:20:38.343Z] ── Scraping Mariano's ...
[2026-03-10T23:20:38.344Z]    SKIP: marianos.js not yet implemented
[2026-03-10T23:20:38.346Z] === Done — 0 total products written ===
[2026-03-10T23:21:39.849Z] === Scrape run started ===
[2026-03-10T23:21:39.856Z] ── Scraping Binny's ...
[2026-03-10T23:21:39.858Z]    SKIP: binny.js not yet implemented
[2026-03-10T23:21:39.858Z] ── Scraping Total Wine ...
[2026-03-10T23:21:39.859Z]    SKIP: totalwine.js not yet implemented
[2026-03-10T23:21:39.860Z] ── Scraping Jewel ...
[2026-03-10T23:22:25.641Z]    ERROR: page.goto: Timeout 45000ms exceeded.
Call log:
[2m  - navigating to "https://www.jewelosco.com/shop/search-results.html?q=beer&tab=products", waiting until "networkidle"[22m

[2026-03-10T23:22:29.542Z] ── Scraping Whole Foods ...
[2026-03-10T23:22:29.544Z]    SKIP: wholefoods.js not yet implemented
[2026-03-10T23:22:29.545Z] ── Scraping Mariano's ...
[2026-03-10T23:22:29.546Z]    SKIP: marianos.js not yet implemented
[2026-03-10T23:22:29.548Z] === Done — 0 total products written ===
[2026-03-10T23:26:29.546Z] === Scrape run started ===
[2026-03-10T23:26:29.553Z] ── Scraping Binny's ...
[2026-03-10T23:26:29.554Z]    SKIP: binny.js not yet implemented
[2026-03-10T23:26:29.555Z] ── Scraping Total Wine ...
[2026-03-10T23:26:29.556Z]    SKIP: totalwine.js not yet implemented
[2026-03-10T23:26:29.557Z] ── Scraping Jewel ...
[2026-03-10T23:27:00.395Z]    ERROR: page.waitForSelector: Timeout 30000ms exceeded.
Call log:
[2m  - waiting for locator('product-item-al-v2') to be visible[22m

[2026-03-10T23:27:03.091Z] ── Scraping Whole Foods ...
[2026-03-10T23:27:03.093Z]    SKIP: wholefoods.js not yet implemented
[2026-03-10T23:27:03.094Z] ── Scraping Mariano's ...
[2026-03-10T23:27:03.095Z]    SKIP: marianos.js not yet implemented
[2026-03-10T23:27:03.097Z] === Done — 0 total products written ===
[2026-03-10T23:29:05.671Z] === Scrape run started ===
[2026-03-10T23:29:05.678Z] ── Scraping Binny's ...
[2026-03-10T23:29:05.679Z]    SKIP: binny.js not yet implemented
[2026-03-10T23:29:05.681Z] ── Scraping Total Wine ...
[2026-03-10T23:29:05.682Z]    SKIP: totalwine.js not yet implemented
[2026-03-10T23:29:05.683Z] ── Scraping Jewel ...
[2026-03-10T23:29:47.438Z]    ERROR: page.waitForSelector: Timeout 30000ms exceeded.
Call log:
[2m  - waiting for locator('product-item-al-v2') to be visible[22m

[2026-03-10T23:29:50.254Z] ── Scraping Whole Foods ...
[2026-03-10T23:29:50.256Z]    SKIP: wholefoods.js not yet implemented
[2026-03-10T23:29:50.258Z] ── Scraping Mariano's ...
[2026-03-10T23:29:50.260Z]    SKIP: marianos.js not yet implemented
[2026-03-10T23:29:50.263Z] === Done — 0 total products written ===
