[2026-03-12T18:16:27.485Z] === Scrape run started ===
[2026-03-12T18:16:27.502Z] ── Scraping Binny's ...
[2026-03-12T18:16:38.851Z]    ERROR: No product tiles found on page 1 — selector may need updating
[2026-03-12T18:16:42.146Z] ── Scraping Total Wine ...
[2026-03-12T18:16:42.148Z]    SKIP: totalwine.js not yet implemented
[2026-03-12T18:16:42.156Z] ── Scraping Jewel ...
[2026-03-12T18:18:26.031Z]    ERROR: page.goto: Timeout 90000ms exceeded.
Call log:
[2m  - navigating to "https://www.jewelosco.com/shop/search-results.html?q=beer&tab=products", waiting until "networkidle"[22m

[2026-03-12T18:18:28.362Z] ── Scraping Whole Foods ...
[2026-03-12T18:18:28.364Z]    SKIP: wholefoods.js not yet implemented
[2026-03-12T18:18:28.366Z] ── Scraping Mariano's ...
[2026-03-12T18:18:28.368Z]    SKIP: marianos.js not yet implemented
[2026-03-12T18:18:28.370Z] === Done — 0 total products written ===
[2026-03-12T18:23:11.781Z] === Scrape run started ===
[2026-03-12T18:23:11.788Z] ── Scraping Binny's ...
[2026-03-12T18:23:28.487Z]    OK: 46 products
[2026-03-12T18:23:30.579Z] ── Scraping Total Wine ...
[2026-03-12T18:23:30.581Z]    SKIP: totalwine.js not yet implemented
[2026-03-12T18:23:30.582Z] ── Scraping Jewel ...
[2026-03-12T18:24:55.911Z]    ERROR: page.goto: Target page, context or browser has been closed
Call log:
[2m  - navigating to "https://www.jewelosco.com/shop/search-results.html?q=beer&tab=products", waiting until "networkidle"[22m

[2026-03-12T18:24:58.122Z] ── Scraping Whole Foods ...
[2026-03-12T18:24:58.124Z]    SKIP: wholefoods.js not yet implemented
[2026-03-12T18:24:58.125Z] ── Scraping Mariano's ...
[2026-03-12T18:24:58.126Z]    SKIP: marianos.js not yet implemented
[2026-03-12T18:24:58.128Z] === Done — 46 total products written ===
