[2026-03-13T20:01:09.910Z] === Scrape run started ===
[2026-03-13T20:01:09.915Z] ── Scraping Binny's ...
[2026-03-13T20:01:26.202Z]    OK: 46 products
[2026-03-13T20:01:29.917Z] ── Scraping Total Wine ...
[2026-03-13T20:01:52.423Z]    ERROR: page.goto: net::ERR_NAME_NOT_RESOLVED at https://www.totalwine.com/
Call log:
[2m  - navigating to "https://www.totalwine.com/", waiting until "load"[22m

[2026-03-13T20:01:55.643Z] ── Scraping Jewel ...
[2026-03-13T20:01:55.647Z]    ERROR: Jewel scraper suspended — blocked by Incapsula WAF (not a code bug)
[2026-03-13T20:01:58.945Z] ── Scraping Whole Foods ...
[2026-03-13T20:01:59.155Z]    ERROR: page.goto: net::ERR_NAME_NOT_RESOLVED at https://www.wholefoodsmarket.com/products/beer-wine-spirits/beer
Call log:
[2m  - navigating to "https://www.wholefoodsmarket.com/products/beer-wine-spirits/beer", waiting until "load"[22m

[2026-03-13T20:02:02.978Z] ── Scraping Mariano's ...
[2026-03-13T20:02:02.980Z]    SKIP: marianos.js not yet implemented
[2026-03-13T20:02:02.982Z] === Done — 53 total products written ===
[2026-03-13T20:04:47.808Z] === Scrape run started ===
[2026-03-13T20:04:47.815Z] ── Scraping Binny's ...
[2026-03-13T20:05:01.003Z]    OK: 46 products
[2026-03-13T20:05:03.316Z] ── Scraping Total Wine ...
[2026-03-13T20:06:02.773Z]    ERROR: Only 0 products (min 5)
[2026-03-13T20:06:06.368Z] ── Scraping Jewel ...
[2026-03-13T20:06:06.371Z]    ERROR: Jewel scraper suspended — blocked by Incapsula WAF (not a code bug)
[2026-03-13T20:06:09.407Z] ── Scraping Whole Foods ...
[2026-03-13T20:06:16.646Z]    OK: 218 products
[2026-03-13T20:06:19.806Z] ── Scraping Mariano's ...
[2026-03-13T20:06:19.807Z]    SKIP: marianos.js not yet implemented
[2026-03-13T20:06:19.809Z] === Done — 271 total products written ===
[2026-03-13T20:07:26.851Z] === Scrape run started ===
[2026-03-13T20:07:26.856Z] ── Scraping Binny's ...
[2026-03-13T20:07:39.750Z]    OK: 46 products
[2026-03-13T20:07:41.887Z] ── Scraping Total Wine ...
[2026-03-13T20:08:39.394Z]    ERROR: Only 0 products (min 5)
[2026-03-13T20:08:42.770Z] ── Scraping Jewel ...
[2026-03-13T20:08:42.773Z]    ERROR: Jewel scraper suspended — blocked by Incapsula WAF (not a code bug)
[2026-03-13T20:08:45.733Z] ── Scraping Whole Foods ...
[2026-03-13T20:08:53.140Z]    OK: 217 products
[2026-03-13T20:08:57.140Z] ── Scraping Mariano's ...
[2026-03-13T20:08:57.142Z]    SKIP: marianos.js not yet implemented
[2026-03-13T20:08:57.144Z] === Done — 270 total products written ===
